<?xml version="1.0" encoding="UTF-8"?>
<testng-results ignored="0" total="1" passed="1" failed="0" skipped="0">
  <reporter-output>
  </reporter-output>
  <suite started-at="2021-09-08T15:42:22 IST" name="Default suite" finished-at="2021-09-08T15:42:24 IST" duration-ms="2018">
    <groups>
    </groups>
    <test started-at="2021-09-08T15:42:22 IST" name="Default test" finished-at="2021-09-08T15:42:24 IST" duration-ms="2018">
      <class name="AddPlace">
        <test-method signature="addPlae()[pri:0, instance:AddPlace@29647f75]" started-at="2021-09-08T15:42:22 IST" name="addPlae" finished-at="2021-09-08T15:42:24 IST" duration-ms="1975" status="PASS">
          <reporter-output>
          </reporter-output>
        </test-method> <!-- addPlae -->
      </class> <!-- AddPlace -->
    </test> <!-- Default test -->
  </suite> <!-- Default suite -->
</testng-results>
