<?xml version="1.0" encoding="UTF-8"?>
<testsuite xmlns:xsi="http://www.w3.org/2001/XMLSchema-instance" xsi:noNamespaceSchemaLocation="https://maven.apache.org/surefire/maven-surefire-plugin/xsd/surefire-test-report.xsd" name="cucumberOptions.TestRunner" time="1.305" tests="18" errors="4" skipped="8" failures="0">
  <properties>
[...]
</properties>
  <testcase name="Given User is in Audience Dashboard" classname="Scenario: Simple condition creation" time="0.001"/>
  <testcase name="When Creates a simple condition using create option" classname="Scenario: Simple condition creation" time="0"/>
  <testcase name="Then Audience should be created" classname="Scenario: Simple condition creation" time="0"/>
  <testcase name="And popup message should showup" classname="Scenario: Simple condition creation" time="0"/>
  <testcase name="And Created audience should appear on dasboard" classname="Scenario: Simple condition creation" time="0"/>
  <testcase name="Scenario: Simple condition creation" classname="Scenario: Simple condition creation" time="0"/>
  <testcase name="Given Payload of the the add place API with &quot;Vasundra&quot; &quot;Annapoorneshwari Bengaluru&quot; &quot;kannada&quot;" classname="| Vasundra | Annapoorneshwari Bengaluru | kannada |" time="0.006">
    <error message="Cannot serialize object because no JSON serializer found in classpath. Please put Jackson (Databind), Gson, Johnzon, or Yasson in the classpath." type="java.lang.IllegalStateException">java.lang.IllegalStateException: Cannot serialize object because no JSON serializer found in classpath. Please put Jackson (Databind), Gson, Johnzon, or Yasson in the classpath.
</error>
    <system-out><![CDATA["https://rahulshettyacademy.com/"
inside utility "https://rahulshettyacademy.com/"
]]></system-out>
  </testcase>
  <testcase name="| Vasundra | Annapoorneshwari Bengaluru | kannada |" classname="| Vasundra | Annapoorneshwari Bengaluru | kannada |" time="0.007">
    <error message="Cannot serialize object because no JSON serializer found in classpath. Please put Jackson (Databind), Gson, Johnzon, or Yasson in the classpath." type="java.lang.IllegalStateException">java.lang.IllegalStateException: Cannot serialize object because no JSON serializer found in classpath. Please put Jackson (Databind), Gson, Johnzon, or Yasson in the classpath.
</error>
  </testcase>
  <testcase name="When Request is made with &quot;AddPlaceAPI&quot; and method &quot;POST&quot;" classname="| Vasundra | Annapoorneshwari Bengaluru | kannada |" time="0">
    <skipped/>
  </testcase>
  <testcase name="Then Verify &quot;status&quot; in response body as &quot;OK&quot;" classname="| Vasundra | Annapoorneshwari Bengaluru | kannada |" time="0">
    <skipped/>
  </testcase>
  <testcase name="And Verify &quot;scope&quot; in response body as &quot;APP&quot;" classname="| Vasundra | Annapoorneshwari Bengaluru | kannada |" time="0">
    <skipped/>
  </testcase>
  <testcase name="And Verify place_id created maps to &quot;Vasundra&quot; using &quot;GetPlaceAPI&quot;" classname="| Vasundra | Annapoorneshwari Bengaluru | kannada |" time="0">
    <skipped/>
  </testcase>
  <testcase name="Given Payload of the the add place API with &quot;Belli nilaya&quot; &quot;Kalyananagar&quot; &quot;kannada&quot;" classname="| Belli nilaya | Kalyananagar | kannada |" time="0.001">
    <error message="Cannot serialize object because no JSON serializer found in classpath. Please put Jackson (Databind), Gson, Johnzon, or Yasson in the classpath." type="java.lang.IllegalStateException">java.lang.IllegalStateException: Cannot serialize object because no JSON serializer found in classpath. Please put Jackson (Databind), Gson, Johnzon, or Yasson in the classpath.
</error>
    <system-out><![CDATA["https://rahulshettyacademy.com/"
inside utility "https://rahulshettyacademy.com/"
]]></system-out>
  </testcase>
  <testcase name="| Belli nilaya | Kalyananagar | kannada |" classname="| Belli nilaya | Kalyananagar | kannada |" time="0.001">
    <error message="Cannot serialize object because no JSON serializer found in classpath. Please put Jackson (Databind), Gson, Johnzon, or Yasson in the classpath." type="java.lang.IllegalStateException">java.lang.IllegalStateException: Cannot serialize object because no JSON serializer found in classpath. Please put Jackson (Databind), Gson, Johnzon, or Yasson in the classpath.
</error>
  </testcase>
  <testcase name="When Request is made with &quot;AddPlaceAPI&quot; and method &quot;POST&quot;" classname="| Belli nilaya | Kalyananagar | kannada |" time="0">
    <skipped/>
  </testcase>
  <testcase name="Then Verify &quot;status&quot; in response body as &quot;OK&quot;" classname="| Belli nilaya | Kalyananagar | kannada |" time="0">
    <skipped/>
  </testcase>
  <testcase name="And Verify &quot;scope&quot; in response body as &quot;APP&quot;" classname="| Belli nilaya | Kalyananagar | kannada |" time="0">
    <skipped/>
  </testcase>
  <testcase name="And Verify place_id created maps to &quot;Belli nilaya&quot; using &quot;GetPlaceAPI&quot;" classname="| Belli nilaya | Kalyananagar | kannada |" time="0">
    <skipped/>
  </testcase>
</testsuite>